<?xml version="1.0" encoding="UTF-8"?>
<!-- Generated by org.testng.reporters.JUnitReportReporter -->
<testsuite name="com.cleartrip.BasicTestWD" tests="10" time="25.092" ignored="0" failures="0" timestamp="09 Jan 2017 18:34:53 GMT" skipped="0" hostname="DESKTOP-O6DBGU6" errors="0">
  <testcase name="googleCheeseExample" time="5.557" classname="com.cleartrip.BasicTestWD"/>
  <testcase name="googleDrinkExample" time="1.426" classname="com.cleartrip.BasicTestWD"/>
  <testcase name="googleCurdExample" time="5.539" classname="com.cleartrip.BasicTestWD"/>
  <testcase name="googleSandExample" time="1.097" classname="com.cleartrip.BasicTestWD"/>
  <testcase name="googleCheeseExample1" time="5.071" classname="com.cleartrip.BasicTestWD"/>
  <testcase name="googleCurdExample1" time="1.512" classname="com.cleartrip.BasicTestWD"/>
  <testcase name="googleDrinkExample1" time="1.138" classname="com.cleartrip.BasicTestWD"/>
  <testcase name="googleSandExample1" time="1.163" classname="com.cleartrip.BasicTestWD"/>
  <testcase name="googleMilkExample" time="1.456" classname="com.cleartrip.BasicTestWD"/>
  <testcase name="googleMilkExample1" time="1.133" classname="com.cleartrip.BasicTestWD"/>
</testsuite> <!-- com.cleartrip.BasicTestWD -->
