<?xml version="1.0" encoding="UTF-8"?>
<!-- Generated by org.testng.reporters.JUnitReportReporter -->
<testsuite name="com.cleartrip.BasicTest" tests="1" time="13.494" ignored="0" failures="0" timestamp="05 Jan 2017 05:18:45 GMT" skipped="0" hostname="DESKTOP-O6DBGU6" errors="0">
  <testcase name="googleCheeseExample" time="13.494" classname="com.cleartrip.BasicTest"/>
</testsuite> <!-- com.cleartrip.BasicTest -->
