<?xml version="1.0" encoding="UTF-8"?>
<!-- Generated by org.testng.reporters.JUnitReportReporter -->
<testsuite name="com.cleartrip.config.BasicTestWD1" tests="1" time="9.270" ignored="0" failures="0" timestamp="08 Jan 2017 18:57:08 GMT" skipped="0" hostname="DESKTOP-O6DBGU6" errors="0">
  <testcase name="googleCheeseExample" time="9.270" classname="com.cleartrip.config.BasicTestWD1"/>
</testsuite> <!-- com.cleartrip.config.BasicTestWD1 -->
