<?xml version="1.0" encoding="UTF-8"?>
<!-- Generated by org.testng.reporters.JUnitReportReporter -->
<testsuite name="com.cleartrip.BasicTestWD" tests="11" time="0.015" ignored="0" failures="0" timestamp="08 Jan 2017 17:41:04 GMT" skipped="9" hostname="DESKTOP-O6DBGU6" errors="2">
  <testcase name="googleSandExample1" time="0.001" classname="com.cleartrip.BasicTestWD">
    <skipped/>
  </testcase> <!-- googleSandExample1 -->
  <testcase name="googleSandExample" time="0.001" classname="com.cleartrip.BasicTestWD">
    <skipped/>
  </testcase> <!-- googleSandExample -->
  <testcase name="googleCheeseExample" time="0.006" classname="com.cleartrip.BasicTestWD">
    <error type="java.lang.NullPointerException">
      <![CDATA[java.lang.NullPointerException
	at com.cleartrip.WebDriverThread.<init>(WebDriverThread.java:14)
	at com.cleartrip.DriverFactory$1.initialValue(DriverFactory.java:24)
	at com.cleartrip.DriverFactory$1.initialValue(DriverFactory.java:21)
	at java.lang.ThreadLocal.setInitialValue(Unknown Source)
	at java.lang.ThreadLocal.get(Unknown Source)
	at com.cleartrip.DriverFactory.getDriver(DriverFactory.java:32)
	at com.cleartrip.BasicTestWD.googleExampleThatSearchesFor(BasicTestWD.java:17)
	at com.cleartrip.BasicTestWD.googleCheeseExample(BasicTestWD.java:40)
	at sun.reflect.NativeMethodAccessorImpl.invoke0(Native Method)
	at sun.reflect.NativeMethodAccessorImpl.invoke(Unknown Source)
	at sun.reflect.DelegatingMethodAccessorImpl.invoke(Unknown Source)
	at java.lang.reflect.Method.invoke(Unknown Source)
	at org.testng.internal.MethodInvocationHelper.invokeMethod(MethodInvocationHelper.java:104)
	at org.testng.internal.Invoker.invokeMethod(Invoker.java:645)
	at org.testng.internal.Invoker.invokeTestMethod(Invoker.java:851)
	at org.testng.internal.Invoker.invokeTestMethods(Invoker.java:1177)
	at org.testng.internal.TestMethodWorker.invokeTestMethods(TestMethodWorker.java:129)
	at org.testng.internal.TestMethodWorker.run(TestMethodWorker.java:112)
	at org.testng.TestRunner.privateRun(TestRunner.java:756)
	at org.testng.TestRunner.run(TestRunner.java:610)
	at org.testng.SuiteRunner.runTest(SuiteRunner.java:387)
	at org.testng.SuiteRunner.runSequentially(SuiteRunner.java:382)
	at org.testng.SuiteRunner.privateRun(SuiteRunner.java:340)
	at org.testng.SuiteRunner.run(SuiteRunner.java:289)
	at org.testng.SuiteRunnerWorker.runSuite(SuiteRunnerWorker.java:52)
	at org.testng.SuiteRunnerWorker.run(SuiteRunnerWorker.java:86)
	at org.testng.TestNG.runSuitesSequentially(TestNG.java:1293)
	at org.testng.TestNG.runSuitesLocally(TestNG.java:1218)
	at org.testng.TestNG.runSuites(TestNG.java:1133)
	at org.testng.TestNG.run(TestNG.java:1104)
	at org.testng.remote.AbstractRemoteTestNG.run(AbstractRemoteTestNG.java:132)
	at org.testng.remote.RemoteTestNG.initAndRun(RemoteTestNG.java:236)
	at org.testng.remote.RemoteTestNG.main(RemoteTestNG.java:81)
]]>
    </error>
  </testcase> <!-- googleCheeseExample -->
  <testcase name="googleMilkExample" time="0.000" classname="com.cleartrip.BasicTestWD">
    <skipped/>
  </testcase> <!-- googleMilkExample -->
  <testcase name="clearCookies" time="0.000" classname="com.cleartrip.BasicTestWD">
    <error type="java.lang.NullPointerException">
      <![CDATA[java.lang.NullPointerException
	at com.cleartrip.WebDriverThread.<init>(WebDriverThread.java:14)
	at com.cleartrip.DriverFactory$1.initialValue(DriverFactory.java:24)
	at com.cleartrip.DriverFactory$1.initialValue(DriverFactory.java:21)
	at java.lang.ThreadLocal.setInitialValue(Unknown Source)
	at java.lang.ThreadLocal.get(Unknown Source)
	at com.cleartrip.DriverFactory.getDriver(DriverFactory.java:32)
	at com.cleartrip.DriverFactory.clearCookies(DriverFactory.java:37)
	at sun.reflect.NativeMethodAccessorImpl.invoke0(Native Method)
	at sun.reflect.NativeMethodAccessorImpl.invoke(Unknown Source)
	at sun.reflect.DelegatingMethodAccessorImpl.invoke(Unknown Source)
	at java.lang.reflect.Method.invoke(Unknown Source)
	at org.testng.internal.MethodInvocationHelper.invokeMethod(MethodInvocationHelper.java:104)
	at org.testng.internal.Invoker.invokeConfigurationMethod(Invoker.java:515)
	at org.testng.internal.Invoker.invokeConfigurations(Invoker.java:217)
	at org.testng.internal.Invoker.invokeMethod(Invoker.java:712)
	at org.testng.internal.Invoker.invokeTestMethod(Invoker.java:851)
	at org.testng.internal.Invoker.invokeTestMethods(Invoker.java:1177)
	at org.testng.internal.TestMethodWorker.invokeTestMethods(TestMethodWorker.java:129)
	at org.testng.internal.TestMethodWorker.run(TestMethodWorker.java:112)
	at org.testng.TestRunner.privateRun(TestRunner.java:756)
	at org.testng.TestRunner.run(TestRunner.java:610)
	at org.testng.SuiteRunner.runTest(SuiteRunner.java:387)
	at org.testng.SuiteRunner.runSequentially(SuiteRunner.java:382)
	at org.testng.SuiteRunner.privateRun(SuiteRunner.java:340)
	at org.testng.SuiteRunner.run(SuiteRunner.java:289)
	at org.testng.SuiteRunnerWorker.runSuite(SuiteRunnerWorker.java:52)
	at org.testng.SuiteRunnerWorker.run(SuiteRunnerWorker.java:86)
	at org.testng.TestNG.runSuitesSequentially(TestNG.java:1293)
	at org.testng.TestNG.runSuitesLocally(TestNG.java:1218)
	at org.testng.TestNG.runSuites(TestNG.java:1133)
	at org.testng.TestNG.run(TestNG.java:1104)
	at org.testng.remote.AbstractRemoteTestNG.run(AbstractRemoteTestNG.java:132)
	at org.testng.remote.RemoteTestNG.initAndRun(RemoteTestNG.java:236)
	at org.testng.remote.RemoteTestNG.main(RemoteTestNG.java:81)
]]>
    </error>
  </testcase> <!-- clearCookies -->
  <testcase name="googleCurdExample1" time="0.001" classname="com.cleartrip.BasicTestWD">
    <skipped/>
  </testcase> <!-- googleCurdExample1 -->
  <testcase name="googleCurdExample" time="0.001" classname="com.cleartrip.BasicTestWD">
    <skipped/>
  </testcase> <!-- googleCurdExample -->
  <testcase name="googleDrinkExample1" time="0.001" classname="com.cleartrip.BasicTestWD">
    <skipped/>
  </testcase> <!-- googleDrinkExample1 -->
  <testcase name="googleCheeseExample1" time="0.002" classname="com.cleartrip.BasicTestWD">
    <skipped/>
  </testcase> <!-- googleCheeseExample1 -->
  <testcase name="googleMilkExample1" time="0.001" classname="com.cleartrip.BasicTestWD">
    <skipped/>
  </testcase> <!-- googleMilkExample1 -->
  <testcase name="googleDrinkExample" time="0.001" classname="com.cleartrip.BasicTestWD">
    <skipped/>
  </testcase> <!-- googleDrinkExample -->
</testsuite> <!-- com.cleartrip.BasicTestWD -->
